07:05 09:35:54.219 [background-preinit] [INFO] [o.h.validator.internal.util.Version] -HV000001: Hibernate Validator 6.2.5.Final
07:05 09:35:54.220 [restartedMain] [INFO] [c.l.e.s.ElectronicStoreApplication] -Starting ElectronicStoreApplication using Java 18.0.1.1 on VIM with PID 5076 (D:\Java Development 2022 Bikkad IT\Project_Workspace\ElectronicStore\target\classes started by Akki in D:\Java Development 2022 Bikkad IT\Project_Workspace\ElectronicStore)
07:05 09:35:54.225 [restartedMain] [INFO] [c.l.e.s.ElectronicStoreApplication] -No active profile set, falling back to 1 default profile: "default"
07:05 09:35:54.506 [restartedMain] [INFO] [o.s.b.d.e.DevToolsPropertyDefaultsPostProcessor] -Devtools property defaults active! Set 'spring.devtools.add-properties' to 'false' to disable
07:05 09:35:54.507 [restartedMain] [INFO] [o.s.b.d.e.DevToolsPropertyDefaultsPostProcessor] -For additional web related logging consider setting the 'logging.level.web' property to 'DEBUG'
07:05 09:35:57.790 [restartedMain] [INFO] [o.s.d.r.c.RepositoryConfigurationDelegate] -Bootstrapping Spring Data JPA repositories in DEFAULT mode.
07:05 09:35:57.944 [restartedMain] [INFO] [o.s.d.r.c.RepositoryConfigurationDelegate] -Finished Spring Data repository scanning in 128 ms. Found 1 JPA repository interfaces.
07:05 09:36:01.048 [restartedMain] [INFO] [o.s.b.w.e.tomcat.TomcatWebServer] -Tomcat initialized with port(s): 9191 (http)
07:05 09:36:01.105 [restartedMain] [INFO] [o.a.coyote.http11.Http11NioProtocol] -Initializing ProtocolHandler ["http-nio-9191"]
07:05 09:36:01.110 [restartedMain] [INFO] [o.a.catalina.core.StandardService] -Starting service [Tomcat]
07:05 09:36:01.111 [restartedMain] [INFO] [o.a.catalina.core.StandardEngine] -Starting Servlet engine: [Apache Tomcat/9.0.76]
07:05 09:36:02.027 [restartedMain] [INFO] [o.a.c.c.C.[Tomcat].[localhost].[/]] -Initializing Spring embedded WebApplicationContext
07:05 09:36:02.028 [restartedMain] [INFO] [o.s.b.w.s.c.ServletWebServerApplicationContext] -Root WebApplicationContext: initialization completed in 7518 ms
07:05 09:36:03.099 [restartedMain] [INFO] [o.h.jpa.internal.util.LogHelper] -HHH000204: Processing PersistenceUnitInfo [name: default]
07:05 09:36:03.317 [restartedMain] [INFO] [org.hibernate.Version] -HHH000412: Hibernate ORM core version 5.6.15.Final
07:05 09:36:04.077 [restartedMain] [INFO] [o.h.annotations.common.Version] -HCANN000001: Hibernate Commons Annotations {5.1.2.Final}
07:05 09:36:04.441 [restartedMain] [INFO] [com.zaxxer.hikari.HikariDataSource] -HikariPool-1 - Starting...
07:05 09:36:05.785 [restartedMain] [INFO] [com.zaxxer.hikari.HikariDataSource] -HikariPool-1 - Start completed.
07:05 09:36:05.900 [restartedMain] [INFO] [org.hibernate.dialect.Dialect] -HHH000400: Using dialect: org.hibernate.dialect.MySQL8Dialect
07:05 09:36:09.526 [restartedMain] [INFO] [o.h.e.t.j.p.i.JtaPlatformInitiator] -HHH000490: Using JtaPlatform implementation: [org.hibernate.engine.transaction.jta.platform.internal.NoJtaPlatform]
07:05 09:36:09.546 [restartedMain] [INFO] [o.s.o.j.LocalContainerEntityManagerFactoryBean] -Initialized JPA EntityManagerFactory for persistence unit 'default'
07:05 09:36:11.595 [restartedMain] [WARN] [o.s.b.a.o.j.JpaBaseConfiguration$JpaWebConfiguration] -spring.jpa.open-in-view is enabled by default. Therefore, database queries may be performed during view rendering. Explicitly configure spring.jpa.open-in-view to disable this warning
07:05 09:36:14.044 [restartedMain] [INFO] [o.s.b.d.a.OptionalLiveReloadServer] -LiveReload server is running on port 35729
07:05 09:36:14.078 [restartedMain] [INFO] [o.a.coyote.http11.Http11NioProtocol] -Starting ProtocolHandler ["http-nio-9191"]
07:05 09:36:14.309 [restartedMain] [INFO] [o.s.b.w.e.tomcat.TomcatWebServer] -Tomcat started on port(s): 9191 (http) with context path ''
07:05 09:36:15.187 [restartedMain] [INFO] [c.l.e.s.ElectronicStoreApplication] -Started ElectronicStoreApplication in 21.862 seconds (JVM running for 24.665)
07:05 10:13:42.846 [SpringApplicationShutdownHook] [INFO] [o.s.o.j.LocalContainerEntityManagerFactoryBean] -Closing JPA EntityManagerFactory for persistence unit 'default'
07:05 10:13:42.923 [SpringApplicationShutdownHook] [INFO] [com.zaxxer.hikari.HikariDataSource] -HikariPool-1 - Shutdown initiated...
07:05 10:13:42.942 [SpringApplicationShutdownHook] [INFO] [com.zaxxer.hikari.HikariDataSource] -HikariPool-1 - Shutdown completed.
07:05 10:13:56.742 [background-preinit] [INFO] [o.h.validator.internal.util.Version] -HV000001: Hibernate Validator 6.2.5.Final
07:05 10:13:56.742 [restartedMain] [INFO] [c.l.e.s.ElectronicStoreApplication] -Starting ElectronicStoreApplication using Java 18.0.1.1 on VIM with PID 8128 (D:\Java Development 2022 Bikkad IT\Project_Workspace\ElectronicStore\target\classes started by Akki in D:\Java Development 2022 Bikkad IT\Project_Workspace\ElectronicStore)
07:05 10:13:56.749 [restartedMain] [INFO] [c.l.e.s.ElectronicStoreApplication] -No active profile set, falling back to 1 default profile: "default"
07:05 10:13:56.912 [restartedMain] [INFO] [o.s.b.d.e.DevToolsPropertyDefaultsPostProcessor] -Devtools property defaults active! Set 'spring.devtools.add-properties' to 'false' to disable
07:05 10:13:56.912 [restartedMain] [INFO] [o.s.b.d.e.DevToolsPropertyDefaultsPostProcessor] -For additional web related logging consider setting the 'logging.level.web' property to 'DEBUG'
07:05 10:13:59.274 [restartedMain] [INFO] [o.s.d.r.c.RepositoryConfigurationDelegate] -Bootstrapping Spring Data JPA repositories in DEFAULT mode.
07:05 10:13:59.458 [restartedMain] [INFO] [o.s.d.r.c.RepositoryConfigurationDelegate] -Finished Spring Data repository scanning in 159 ms. Found 1 JPA repository interfaces.
07:05 10:14:01.526 [restartedMain] [INFO] [o.s.b.w.e.tomcat.TomcatWebServer] -Tomcat initialized with port(s): 9191 (http)
07:05 10:14:01.593 [restartedMain] [INFO] [o.a.coyote.http11.Http11NioProtocol] -Initializing ProtocolHandler ["http-nio-9191"]
07:05 10:14:01.614 [restartedMain] [INFO] [o.a.catalina.core.StandardService] -Starting service [Tomcat]
07:05 10:14:01.616 [restartedMain] [INFO] [o.a.catalina.core.StandardEngine] -Starting Servlet engine: [Apache Tomcat/9.0.76]
07:05 10:14:02.089 [restartedMain] [INFO] [o.a.c.c.C.[Tomcat].[localhost].[/]] -Initializing Spring embedded WebApplicationContext
07:05 10:14:02.090 [restartedMain] [INFO] [o.s.b.w.s.c.ServletWebServerApplicationContext] -Root WebApplicationContext: initialization completed in 5176 ms
07:05 10:14:02.547 [restartedMain] [INFO] [o.h.jpa.internal.util.LogHelper] -HHH000204: Processing PersistenceUnitInfo [name: default]
07:05 10:14:02.686 [restartedMain] [INFO] [org.hibernate.Version] -HHH000412: Hibernate ORM core version 5.6.15.Final
07:05 10:14:03.151 [restartedMain] [INFO] [o.h.annotations.common.Version] -HCANN000001: Hibernate Commons Annotations {5.1.2.Final}
07:05 10:14:03.426 [restartedMain] [INFO] [com.zaxxer.hikari.HikariDataSource] -HikariPool-1 - Starting...
07:05 10:14:04.368 [restartedMain] [INFO] [com.zaxxer.hikari.HikariDataSource] -HikariPool-1 - Start completed.
07:05 10:14:04.501 [restartedMain] [INFO] [org.hibernate.dialect.Dialect] -HHH000400: Using dialect: org.hibernate.dialect.MySQL8Dialect
07:05 10:14:06.469 [restartedMain] [INFO] [o.h.e.t.j.p.i.JtaPlatformInitiator] -HHH000490: Using JtaPlatform implementation: [org.hibernate.engine.transaction.jta.platform.internal.NoJtaPlatform]
07:05 10:14:06.491 [restartedMain] [INFO] [o.s.o.j.LocalContainerEntityManagerFactoryBean] -Initialized JPA EntityManagerFactory for persistence unit 'default'
07:05 10:14:07.990 [restartedMain] [WARN] [o.s.b.a.o.j.JpaBaseConfiguration$JpaWebConfiguration] -spring.jpa.open-in-view is enabled by default. Therefore, database queries may be performed during view rendering. Explicitly configure spring.jpa.open-in-view to disable this warning
07:05 10:14:08.934 [restartedMain] [INFO] [o.s.b.d.a.OptionalLiveReloadServer] -LiveReload server is running on port 35729
07:05 10:14:08.959 [restartedMain] [INFO] [o.a.coyote.http11.Http11NioProtocol] -Starting ProtocolHandler ["http-nio-9191"]
07:05 10:14:09.008 [restartedMain] [INFO] [o.s.b.w.e.tomcat.TomcatWebServer] -Tomcat started on port(s): 9191 (http) with context path ''
07:05 10:14:09.035 [restartedMain] [INFO] [c.l.e.s.ElectronicStoreApplication] -Started ElectronicStoreApplication in 13.183 seconds (JVM running for 15.182)
07:05 10:30:03.466 [http-nio-9191-exec-1] [INFO] [o.a.c.c.C.[Tomcat].[localhost].[/]] -Initializing Spring DispatcherServlet 'dispatcherServlet'
07:05 10:30:03.469 [http-nio-9191-exec-1] [INFO] [o.s.web.servlet.DispatcherServlet] -Initializing Servlet 'dispatcherServlet'
07:05 10:30:03.472 [http-nio-9191-exec-1] [INFO] [o.s.web.servlet.DispatcherServlet] -Completed initialization in 3 ms
07:05 10:30:03.563 [http-nio-9191-exec-1] [INFO] [c.l.e.s.controllers.UserController] -Initiating request to get all User
07:05 10:30:04.009 [http-nio-9191-exec-1] [INFO] [c.l.e.s.controllers.UserController] -Completed request of get all User
07:05 10:31:43.183 [http-nio-9191-exec-5] [INFO] [c.l.e.s.controllers.UserController] -Initiating request to get all User
07:05 10:31:43.209 [http-nio-9191-exec-5] [INFO] [c.l.e.s.controllers.UserController] -Completed request of get all User
07:05 12:06:42.097 [HikariPool-1 housekeeper] [WARN] [com.zaxxer.hikari.pool.HikariPool] -HikariPool-1 - Thread starvation or clock leap detected (housekeeper delta=1h17m6s992ms224µs400ns).
07:05 15:17:44.703 [HikariPool-1 housekeeper] [WARN] [com.zaxxer.hikari.pool.HikariPool] -HikariPool-1 - Thread starvation or clock leap detected (housekeeper delta=59m57s835ms429µs800ns).
07:05 21:42:13.720 [HikariPool-1 housekeeper] [WARN] [com.zaxxer.hikari.pool.HikariPool] -HikariPool-1 - Thread starvation or clock leap detected (housekeeper delta=17m21s522ms700µs700ns).
07:05 22:13:22.448 [HikariPool-1 housekeeper] [WARN] [com.zaxxer.hikari.pool.HikariPool] -HikariPool-1 - Thread starvation or clock leap detected (housekeeper delta=2m8s229ms915µs400ns).
07:06 00:19:36.406 [HikariPool-1 housekeeper] [WARN] [com.zaxxer.hikari.pool.HikariPool] -HikariPool-1 - Thread starvation or clock leap detected (housekeeper delta=1h21m36s224ms869µs600ns).
07:06 07:23:05.668 [HikariPool-1 housekeeper] [WARN] [com.zaxxer.hikari.pool.HikariPool] -HikariPool-1 - Thread starvation or clock leap detected (housekeeper delta=6h26m4s382ms66µs).
07:06 08:07:24.160 [HikariPool-1 housekeeper] [WARN] [com.zaxxer.hikari.pool.HikariPool] -HikariPool-1 - Thread starvation or clock leap detected (housekeeper delta=14m47s999ms266µs900ns).
07:06 10:47:32.566 [HikariPool-1 housekeeper] [WARN] [com.zaxxer.hikari.pool.HikariPool] -HikariPool-1 - Thread starvation or clock leap detected (housekeeper delta=14m6s49ms756µs300ns).
07:06 16:39:31.584 [HikariPool-1 housekeeper] [WARN] [com.zaxxer.hikari.pool.HikariPool] -HikariPool-1 - Thread starvation or clock leap detected (housekeeper delta=1h46m24s900ms648µs600ns).
07:06 17:46:36.011 [HikariPool-1 housekeeper] [WARN] [com.zaxxer.hikari.pool.HikariPool] -HikariPool-1 - Thread starvation or clock leap detected (housekeeper delta=7m3s304ms422µs800ns).
07:06 20:38:30.364 [SpringApplicationShutdownHook] [INFO] [o.s.o.j.LocalContainerEntityManagerFactoryBean] -Closing JPA EntityManagerFactory for persistence unit 'default'
07:06 20:38:30.557 [SpringApplicationShutdownHook] [INFO] [com.zaxxer.hikari.HikariDataSource] -HikariPool-1 - Shutdown initiated...
07:06 20:38:30.580 [SpringApplicationShutdownHook] [INFO] [com.zaxxer.hikari.HikariDataSource] -HikariPool-1 - Shutdown completed.
07:07 17:42:48.291 [main] [INFO] [o.s.b.t.c.SpringBootTestContextBootstrapper] -Neither @ContextConfiguration nor @ContextHierarchy found for test class [com.lcwd.electronic.store.services.Impl.UserServiceImplTest], using SpringBootContextLoader
07:07 17:42:48.311 [main] [INFO] [o.s.t.c.s.AbstractContextLoader] -Could not detect default resource locations for test class [com.lcwd.electronic.store.services.Impl.UserServiceImplTest]: no resource found for suffixes {-context.xml, Context.groovy}.
07:07 17:42:48.659 [main] [INFO] [o.s.b.t.c.SpringBootTestContextBootstrapper] -Loaded default TestExecutionListener class names from location [META-INF/spring.factories]: [org.springframework.boot.test.mock.mockito.MockitoTestExecutionListener, org.springframework.boot.test.mock.mockito.ResetMocksTestExecutionListener, org.springframework.boot.test.autoconfigure.restdocs.RestDocsTestExecutionListener, org.springframework.boot.test.autoconfigure.web.client.MockRestServiceServerResetTestExecutionListener, org.springframework.boot.test.autoconfigure.web.servlet.MockMvcPrintOnlyOnFailureTestExecutionListener, org.springframework.boot.test.autoconfigure.web.servlet.WebDriverTestExecutionListener, org.springframework.boot.test.autoconfigure.webservices.client.MockWebServiceServerTestExecutionListener, org.springframework.test.context.web.ServletTestExecutionListener, org.springframework.test.context.support.DirtiesContextBeforeModesTestExecutionListener, org.springframework.test.context.event.ApplicationEventsTestExecutionListener, org.springframework.test.context.support.DependencyInjectionTestExecutionListener, org.springframework.test.context.support.DirtiesContextTestExecutionListener, org.springframework.test.context.transaction.TransactionalTestExecutionListener, org.springframework.test.context.jdbc.SqlScriptsTestExecutionListener, org.springframework.test.context.event.EventPublishingTestExecutionListener]
07:07 17:42:48.694 [main] [INFO] [o.s.b.t.c.SpringBootTestContextBootstrapper] -Using TestExecutionListeners: [org.springframework.test.context.web.ServletTestExecutionListener@22295ec4, org.springframework.test.context.support.DirtiesContextBeforeModesTestExecutionListener@5adb0db3, org.springframework.test.context.event.ApplicationEventsTestExecutionListener@3f270e0a, org.springframework.boot.test.mock.mockito.MockitoTestExecutionListener@1a760689, org.springframework.boot.test.autoconfigure.SpringBootDependencyInjectionTestExecutionListener@7241a47d, org.springframework.test.context.support.DirtiesContextTestExecutionListener@70f59913, org.springframework.test.context.transaction.TransactionalTestExecutionListener@77258e59, org.springframework.test.context.jdbc.SqlScriptsTestExecutionListener@5dcd8c7a, org.springframework.test.context.event.EventPublishingTestExecutionListener@2250b9f2, org.springframework.boot.test.mock.mockito.ResetMocksTestExecutionListener@7e3181aa, org.springframework.boot.test.autoconfigure.restdocs.RestDocsTestExecutionListener@253d9f73, org.springframework.boot.test.autoconfigure.web.client.MockRestServiceServerResetTestExecutionListener@142269f2, org.springframework.boot.test.autoconfigure.web.servlet.MockMvcPrintOnlyOnFailureTestExecutionListener@331acdad, org.springframework.boot.test.autoconfigure.web.servlet.WebDriverTestExecutionListener@41d426b5, org.springframework.boot.test.autoconfigure.webservices.client.MockWebServiceServerTestExecutionListener@8dbfffb]
07:07 17:42:49.374 [main] [INFO] [c.l.e.s.s.Impl.UserServiceImplTest] -Starting UserServiceImplTest using Java 18.0.1.1 on VIM with PID 14520 (started by Akki in D:\Java Development 2022 Bikkad IT\Project_Workspace\ElectronicStore)
07:07 17:42:49.376 [main] [INFO] [c.l.e.s.s.Impl.UserServiceImplTest] -No active profile set, falling back to 1 default profile: "default"
07:07 17:42:49.402 [background-preinit] [INFO] [o.h.validator.internal.util.Version] -HV000001: Hibernate Validator 6.2.5.Final
07:07 17:42:49.750 [main] [INFO] [c.l.e.s.s.Impl.UserServiceImplTest] -Started UserServiceImplTest in 0.963 seconds (JVM running for 3.614)
07:07 17:43:05.308 [main] [INFO] [o.s.b.t.c.SpringBootTestContextBootstrapper] -Neither @ContextConfiguration nor @ContextHierarchy found for test class [com.lcwd.electronic.store.services.Impl.UserServiceImplTest], using SpringBootContextLoader
07:07 17:43:05.326 [main] [INFO] [o.s.t.c.s.AbstractContextLoader] -Could not detect default resource locations for test class [com.lcwd.electronic.store.services.Impl.UserServiceImplTest]: no resource found for suffixes {-context.xml, Context.groovy}.
07:07 17:43:05.648 [main] [INFO] [o.s.b.t.c.SpringBootTestContextBootstrapper] -Loaded default TestExecutionListener class names from location [META-INF/spring.factories]: [org.springframework.boot.test.mock.mockito.MockitoTestExecutionListener, org.springframework.boot.test.mock.mockito.ResetMocksTestExecutionListener, org.springframework.boot.test.autoconfigure.restdocs.RestDocsTestExecutionListener, org.springframework.boot.test.autoconfigure.web.client.MockRestServiceServerResetTestExecutionListener, org.springframework.boot.test.autoconfigure.web.servlet.MockMvcPrintOnlyOnFailureTestExecutionListener, org.springframework.boot.test.autoconfigure.web.servlet.WebDriverTestExecutionListener, org.springframework.boot.test.autoconfigure.webservices.client.MockWebServiceServerTestExecutionListener, org.springframework.test.context.web.ServletTestExecutionListener, org.springframework.test.context.support.DirtiesContextBeforeModesTestExecutionListener, org.springframework.test.context.event.ApplicationEventsTestExecutionListener, org.springframework.test.context.support.DependencyInjectionTestExecutionListener, org.springframework.test.context.support.DirtiesContextTestExecutionListener, org.springframework.test.context.transaction.TransactionalTestExecutionListener, org.springframework.test.context.jdbc.SqlScriptsTestExecutionListener, org.springframework.test.context.event.EventPublishingTestExecutionListener]
07:07 17:43:05.688 [main] [INFO] [o.s.b.t.c.SpringBootTestContextBootstrapper] -Using TestExecutionListeners: [org.springframework.test.context.web.ServletTestExecutionListener@61a88b8c, org.springframework.test.context.support.DirtiesContextBeforeModesTestExecutionListener@22295ec4, org.springframework.test.context.event.ApplicationEventsTestExecutionListener@5adb0db3, org.springframework.boot.test.mock.mockito.MockitoTestExecutionListener@3f270e0a, org.springframework.boot.test.autoconfigure.SpringBootDependencyInjectionTestExecutionListener@1a760689, org.springframework.test.context.support.DirtiesContextTestExecutionListener@7241a47d, org.springframework.test.context.transaction.TransactionalTestExecutionListener@70f59913, org.springframework.test.context.jdbc.SqlScriptsTestExecutionListener@77258e59, org.springframework.test.context.event.EventPublishingTestExecutionListener@5dcd8c7a, org.springframework.boot.test.mock.mockito.ResetMocksTestExecutionListener@2250b9f2, org.springframework.boot.test.autoconfigure.restdocs.RestDocsTestExecutionListener@7e3181aa, org.springframework.boot.test.autoconfigure.web.client.MockRestServiceServerResetTestExecutionListener@253d9f73, org.springframework.boot.test.autoconfigure.web.servlet.MockMvcPrintOnlyOnFailureTestExecutionListener@142269f2, org.springframework.boot.test.autoconfigure.web.servlet.WebDriverTestExecutionListener@331acdad, org.springframework.boot.test.autoconfigure.webservices.client.MockWebServiceServerTestExecutionListener@41d426b5]
07:07 17:43:06.565 [main] [INFO] [c.l.e.s.s.Impl.UserServiceImplTest] -Starting UserServiceImplTest using Java 18.0.1.1 on VIM with PID 15528 (started by Akki in D:\Java Development 2022 Bikkad IT\Project_Workspace\ElectronicStore)
07:07 17:43:06.568 [main] [INFO] [c.l.e.s.s.Impl.UserServiceImplTest] -No active profile set, falling back to 1 default profile: "default"
07:07 17:43:06.591 [background-preinit] [INFO] [o.h.validator.internal.util.Version] -HV000001: Hibernate Validator 6.2.5.Final
07:07 17:43:06.899 [main] [INFO] [c.l.e.s.s.Impl.UserServiceImplTest] -Started UserServiceImplTest in 1.099 seconds (JVM running for 3.564)
07:07 17:51:18.511 [main] [INFO] [o.s.b.t.c.SpringBootTestContextBootstrapper] -Neither @ContextConfiguration nor @ContextHierarchy found for test class [com.lcwd.electronic.store.services.Impl.UserServiceImplTest], using SpringBootContextLoader
07:07 17:51:18.533 [main] [INFO] [o.s.t.c.s.AbstractContextLoader] -Could not detect default resource locations for test class [com.lcwd.electronic.store.services.Impl.UserServiceImplTest]: no resource found for suffixes {-context.xml, Context.groovy}.
07:07 17:51:18.885 [main] [INFO] [o.s.b.t.c.SpringBootTestContextBootstrapper] -Loaded default TestExecutionListener class names from location [META-INF/spring.factories]: [org.springframework.boot.test.mock.mockito.MockitoTestExecutionListener, org.springframework.boot.test.mock.mockito.ResetMocksTestExecutionListener, org.springframework.boot.test.autoconfigure.restdocs.RestDocsTestExecutionListener, org.springframework.boot.test.autoconfigure.web.client.MockRestServiceServerResetTestExecutionListener, org.springframework.boot.test.autoconfigure.web.servlet.MockMvcPrintOnlyOnFailureTestExecutionListener, org.springframework.boot.test.autoconfigure.web.servlet.WebDriverTestExecutionListener, org.springframework.boot.test.autoconfigure.webservices.client.MockWebServiceServerTestExecutionListener, org.springframework.test.context.web.ServletTestExecutionListener, org.springframework.test.context.support.DirtiesContextBeforeModesTestExecutionListener, org.springframework.test.context.event.ApplicationEventsTestExecutionListener, org.springframework.test.context.support.DependencyInjectionTestExecutionListener, org.springframework.test.context.support.DirtiesContextTestExecutionListener, org.springframework.test.context.transaction.TransactionalTestExecutionListener, org.springframework.test.context.jdbc.SqlScriptsTestExecutionListener, org.springframework.test.context.event.EventPublishingTestExecutionListener]
07:07 17:51:18.926 [main] [INFO] [o.s.b.t.c.SpringBootTestContextBootstrapper] -Using TestExecutionListeners: [org.springframework.test.context.web.ServletTestExecutionListener@5adb0db3, org.springframework.test.context.support.DirtiesContextBeforeModesTestExecutionListener@3f270e0a, org.springframework.test.context.event.ApplicationEventsTestExecutionListener@1a760689, org.springframework.boot.test.mock.mockito.MockitoTestExecutionListener@7241a47d, org.springframework.boot.test.autoconfigure.SpringBootDependencyInjectionTestExecutionListener@70f59913, org.springframework.test.context.support.DirtiesContextTestExecutionListener@77258e59, org.springframework.test.context.transaction.TransactionalTestExecutionListener@5dcd8c7a, org.springframework.test.context.jdbc.SqlScriptsTestExecutionListener@2250b9f2, org.springframework.test.context.event.EventPublishingTestExecutionListener@7e3181aa, org.springframework.boot.test.mock.mockito.ResetMocksTestExecutionListener@253d9f73, org.springframework.boot.test.autoconfigure.restdocs.RestDocsTestExecutionListener@142269f2, org.springframework.boot.test.autoconfigure.web.client.MockRestServiceServerResetTestExecutionListener@331acdad, org.springframework.boot.test.autoconfigure.web.servlet.MockMvcPrintOnlyOnFailureTestExecutionListener@41d426b5, org.springframework.boot.test.autoconfigure.web.servlet.WebDriverTestExecutionListener@8dbfffb, org.springframework.boot.test.autoconfigure.webservices.client.MockWebServiceServerTestExecutionListener@f316aeb]
07:07 17:51:19.671 [main] [INFO] [c.l.e.s.s.Impl.UserServiceImplTest] -Starting UserServiceImplTest using Java 18.0.1.1 on VIM with PID 16652 (started by Akki in D:\Java Development 2022 Bikkad IT\Project_Workspace\ElectronicStore)
07:07 17:51:19.673 [main] [INFO] [c.l.e.s.s.Impl.UserServiceImplTest] -No active profile set, falling back to 1 default profile: "default"
07:07 17:51:19.676 [background-preinit] [INFO] [o.h.validator.internal.util.Version] -HV000001: Hibernate Validator 6.2.5.Final
07:07 17:51:19.967 [main] [INFO] [c.l.e.s.s.Impl.UserServiceImplTest] -Started UserServiceImplTest in 0.915 seconds (JVM running for 3.4)
07:07 17:53:00.149 [main] [INFO] [o.s.b.t.c.SpringBootTestContextBootstrapper] -Neither @ContextConfiguration nor @ContextHierarchy found for test class [com.lcwd.electronic.store.services.Impl.UserServiceImplTest], using SpringBootContextLoader
07:07 17:53:00.168 [main] [INFO] [o.s.t.c.s.AbstractContextLoader] -Could not detect default resource locations for test class [com.lcwd.electronic.store.services.Impl.UserServiceImplTest]: no resource found for suffixes {-context.xml, Context.groovy}.
07:07 17:53:00.571 [main] [INFO] [o.s.b.t.c.SpringBootTestContextBootstrapper] -Loaded default TestExecutionListener class names from location [META-INF/spring.factories]: [org.springframework.boot.test.mock.mockito.MockitoTestExecutionListener, org.springframework.boot.test.mock.mockito.ResetMocksTestExecutionListener, org.springframework.boot.test.autoconfigure.restdocs.RestDocsTestExecutionListener, org.springframework.boot.test.autoconfigure.web.client.MockRestServiceServerResetTestExecutionListener, org.springframework.boot.test.autoconfigure.web.servlet.MockMvcPrintOnlyOnFailureTestExecutionListener, org.springframework.boot.test.autoconfigure.web.servlet.WebDriverTestExecutionListener, org.springframework.boot.test.autoconfigure.webservices.client.MockWebServiceServerTestExecutionListener, org.springframework.test.context.web.ServletTestExecutionListener, org.springframework.test.context.support.DirtiesContextBeforeModesTestExecutionListener, org.springframework.test.context.event.ApplicationEventsTestExecutionListener, org.springframework.test.context.support.DependencyInjectionTestExecutionListener, org.springframework.test.context.support.DirtiesContextTestExecutionListener, org.springframework.test.context.transaction.TransactionalTestExecutionListener, org.springframework.test.context.jdbc.SqlScriptsTestExecutionListener, org.springframework.test.context.event.EventPublishingTestExecutionListener]
07:07 17:53:00.600 [main] [INFO] [o.s.b.t.c.SpringBootTestContextBootstrapper] -Using TestExecutionListeners: [org.springframework.test.context.web.ServletTestExecutionListener@5adb0db3, org.springframework.test.context.support.DirtiesContextBeforeModesTestExecutionListener@3f270e0a, org.springframework.test.context.event.ApplicationEventsTestExecutionListener@1a760689, org.springframework.boot.test.mock.mockito.MockitoTestExecutionListener@7241a47d, org.springframework.boot.test.autoconfigure.SpringBootDependencyInjectionTestExecutionListener@70f59913, org.springframework.test.context.support.DirtiesContextTestExecutionListener@77258e59, org.springframework.test.context.transaction.TransactionalTestExecutionListener@5dcd8c7a, org.springframework.test.context.jdbc.SqlScriptsTestExecutionListener@2250b9f2, org.springframework.test.context.event.EventPublishingTestExecutionListener@7e3181aa, org.springframework.boot.test.mock.mockito.ResetMocksTestExecutionListener@253d9f73, org.springframework.boot.test.autoconfigure.restdocs.RestDocsTestExecutionListener@142269f2, org.springframework.boot.test.autoconfigure.web.client.MockRestServiceServerResetTestExecutionListener@331acdad, org.springframework.boot.test.autoconfigure.web.servlet.MockMvcPrintOnlyOnFailureTestExecutionListener@41d426b5, org.springframework.boot.test.autoconfigure.web.servlet.WebDriverTestExecutionListener@8dbfffb, org.springframework.boot.test.autoconfigure.webservices.client.MockWebServiceServerTestExecutionListener@f316aeb]
07:07 17:53:01.257 [main] [INFO] [c.l.e.s.s.Impl.UserServiceImplTest] -Starting UserServiceImplTest using Java 18.0.1.1 on VIM with PID 15984 (started by Akki in D:\Java Development 2022 Bikkad IT\Project_Workspace\ElectronicStore)
07:07 17:53:01.259 [main] [INFO] [c.l.e.s.s.Impl.UserServiceImplTest] -No active profile set, falling back to 1 default profile: "default"
07:07 17:53:01.272 [background-preinit] [INFO] [o.h.validator.internal.util.Version] -HV000001: Hibernate Validator 6.2.5.Final
07:07 17:53:01.556 [main] [INFO] [c.l.e.s.s.Impl.UserServiceImplTest] -Started UserServiceImplTest in 0.863 seconds (JVM running for 3.328)
07:07 17:55:31.896 [main] [INFO] [o.s.b.t.c.SpringBootTestContextBootstrapper] -Neither @ContextConfiguration nor @ContextHierarchy found for test class [com.lcwd.electronic.store.services.Impl.UserServiceImplTest], using SpringBootContextLoader
07:07 17:55:31.917 [main] [INFO] [o.s.t.c.s.AbstractContextLoader] -Could not detect default resource locations for test class [com.lcwd.electronic.store.services.Impl.UserServiceImplTest]: no resource found for suffixes {-context.xml, Context.groovy}.
07:07 17:55:32.230 [main] [INFO] [o.s.b.t.c.SpringBootTestContextBootstrapper] -Loaded default TestExecutionListener class names from location [META-INF/spring.factories]: [org.springframework.boot.test.mock.mockito.MockitoTestExecutionListener, org.springframework.boot.test.mock.mockito.ResetMocksTestExecutionListener, org.springframework.boot.test.autoconfigure.restdocs.RestDocsTestExecutionListener, org.springframework.boot.test.autoconfigure.web.client.MockRestServiceServerResetTestExecutionListener, org.springframework.boot.test.autoconfigure.web.servlet.MockMvcPrintOnlyOnFailureTestExecutionListener, org.springframework.boot.test.autoconfigure.web.servlet.WebDriverTestExecutionListener, org.springframework.boot.test.autoconfigure.webservices.client.MockWebServiceServerTestExecutionListener, org.springframework.test.context.web.ServletTestExecutionListener, org.springframework.test.context.support.DirtiesContextBeforeModesTestExecutionListener, org.springframework.test.context.event.ApplicationEventsTestExecutionListener, org.springframework.test.context.support.DependencyInjectionTestExecutionListener, org.springframework.test.context.support.DirtiesContextTestExecutionListener, org.springframework.test.context.transaction.TransactionalTestExecutionListener, org.springframework.test.context.jdbc.SqlScriptsTestExecutionListener, org.springframework.test.context.event.EventPublishingTestExecutionListener]
07:07 17:55:32.279 [main] [INFO] [o.s.b.t.c.SpringBootTestContextBootstrapper] -Using TestExecutionListeners: [org.springframework.test.context.web.ServletTestExecutionListener@5adb0db3, org.springframework.test.context.support.DirtiesContextBeforeModesTestExecutionListener@3f270e0a, org.springframework.test.context.event.ApplicationEventsTestExecutionListener@1a760689, org.springframework.boot.test.mock.mockito.MockitoTestExecutionListener@7241a47d, org.springframework.boot.test.autoconfigure.SpringBootDependencyInjectionTestExecutionListener@70f59913, org.springframework.test.context.support.DirtiesContextTestExecutionListener@77258e59, org.springframework.test.context.transaction.TransactionalTestExecutionListener@5dcd8c7a, org.springframework.test.context.jdbc.SqlScriptsTestExecutionListener@2250b9f2, org.springframework.test.context.event.EventPublishingTestExecutionListener@7e3181aa, org.springframework.boot.test.mock.mockito.ResetMocksTestExecutionListener@253d9f73, org.springframework.boot.test.autoconfigure.restdocs.RestDocsTestExecutionListener@142269f2, org.springframework.boot.test.autoconfigure.web.client.MockRestServiceServerResetTestExecutionListener@331acdad, org.springframework.boot.test.autoconfigure.web.servlet.MockMvcPrintOnlyOnFailureTestExecutionListener@41d426b5, org.springframework.boot.test.autoconfigure.web.servlet.WebDriverTestExecutionListener@8dbfffb, org.springframework.boot.test.autoconfigure.webservices.client.MockWebServiceServerTestExecutionListener@f316aeb]
07:07 17:55:32.984 [main] [INFO] [c.l.e.s.s.Impl.UserServiceImplTest] -Starting UserServiceImplTest using Java 18.0.1.1 on VIM with PID 7300 (started by Akki in D:\Java Development 2022 Bikkad IT\Project_Workspace\ElectronicStore)
07:07 17:55:32.985 [main] [INFO] [c.l.e.s.s.Impl.UserServiceImplTest] -No active profile set, falling back to 1 default profile: "default"
07:07 17:55:32.996 [background-preinit] [INFO] [o.h.validator.internal.util.Version] -HV000001: Hibernate Validator 6.2.5.Final
07:07 17:55:33.293 [main] [INFO] [c.l.e.s.s.Impl.UserServiceImplTest] -Started UserServiceImplTest in 0.915 seconds (JVM running for 3.359)
07:07 17:59:18.402 [main] [INFO] [o.s.b.t.c.SpringBootTestContextBootstrapper] -Neither @ContextConfiguration nor @ContextHierarchy found for test class [com.lcwd.electronic.store.services.Impl.UserServiceImplTest], using SpringBootContextLoader
07:07 17:59:18.419 [main] [INFO] [o.s.t.c.s.AbstractContextLoader] -Could not detect default resource locations for test class [com.lcwd.electronic.store.services.Impl.UserServiceImplTest]: no resource found for suffixes {-context.xml, Context.groovy}.
07:07 17:59:18.748 [main] [INFO] [o.s.b.t.c.SpringBootTestContextBootstrapper] -Loaded default TestExecutionListener class names from location [META-INF/spring.factories]: [org.springframework.boot.test.mock.mockito.MockitoTestExecutionListener, org.springframework.boot.test.mock.mockito.ResetMocksTestExecutionListener, org.springframework.boot.test.autoconfigure.restdocs.RestDocsTestExecutionListener, org.springframework.boot.test.autoconfigure.web.client.MockRestServiceServerResetTestExecutionListener, org.springframework.boot.test.autoconfigure.web.servlet.MockMvcPrintOnlyOnFailureTestExecutionListener, org.springframework.boot.test.autoconfigure.web.servlet.WebDriverTestExecutionListener, org.springframework.boot.test.autoconfigure.webservices.client.MockWebServiceServerTestExecutionListener, org.springframework.test.context.web.ServletTestExecutionListener, org.springframework.test.context.support.DirtiesContextBeforeModesTestExecutionListener, org.springframework.test.context.event.ApplicationEventsTestExecutionListener, org.springframework.test.context.support.DependencyInjectionTestExecutionListener, org.springframework.test.context.support.DirtiesContextTestExecutionListener, org.springframework.test.context.transaction.TransactionalTestExecutionListener, org.springframework.test.context.jdbc.SqlScriptsTestExecutionListener, org.springframework.test.context.event.EventPublishingTestExecutionListener]
07:07 17:59:18.789 [main] [INFO] [o.s.b.t.c.SpringBootTestContextBootstrapper] -Using TestExecutionListeners: [org.springframework.test.context.web.ServletTestExecutionListener@22295ec4, org.springframework.test.context.support.DirtiesContextBeforeModesTestExecutionListener@5adb0db3, org.springframework.test.context.event.ApplicationEventsTestExecutionListener@3f270e0a, org.springframework.boot.test.mock.mockito.MockitoTestExecutionListener@1a760689, org.springframework.boot.test.autoconfigure.SpringBootDependencyInjectionTestExecutionListener@7241a47d, org.springframework.test.context.support.DirtiesContextTestExecutionListener@70f59913, org.springframework.test.context.transaction.TransactionalTestExecutionListener@77258e59, org.springframework.test.context.jdbc.SqlScriptsTestExecutionListener@5dcd8c7a, org.springframework.test.context.event.EventPublishingTestExecutionListener@2250b9f2, org.springframework.boot.test.mock.mockito.ResetMocksTestExecutionListener@7e3181aa, org.springframework.boot.test.autoconfigure.restdocs.RestDocsTestExecutionListener@253d9f73, org.springframework.boot.test.autoconfigure.web.client.MockRestServiceServerResetTestExecutionListener@142269f2, org.springframework.boot.test.autoconfigure.web.servlet.MockMvcPrintOnlyOnFailureTestExecutionListener@331acdad, org.springframework.boot.test.autoconfigure.web.servlet.WebDriverTestExecutionListener@41d426b5, org.springframework.boot.test.autoconfigure.webservices.client.MockWebServiceServerTestExecutionListener@8dbfffb]
07:07 17:59:19.399 [main] [INFO] [c.l.e.s.s.Impl.UserServiceImplTest] -Starting UserServiceImplTest using Java 18.0.1.1 on VIM with PID 15264 (started by Akki in D:\Java Development 2022 Bikkad IT\Project_Workspace\ElectronicStore)
07:07 17:59:19.403 [main] [INFO] [c.l.e.s.s.Impl.UserServiceImplTest] -No active profile set, falling back to 1 default profile: "default"
07:07 17:59:19.415 [background-preinit] [INFO] [o.h.validator.internal.util.Version] -HV000001: Hibernate Validator 6.2.5.Final
07:07 17:59:19.715 [main] [INFO] [c.l.e.s.s.Impl.UserServiceImplTest] -Started UserServiceImplTest in 0.849 seconds (JVM running for 3.453)
